<?xml version="1.0" encoding="UTF-8"?>
<!-- Generated by org.testng.reporters.JUnitReportReporter -->
<testsuite hostname="Asriths-MacBook-Air.local" failures="0" tests="3" name="JavaScript.Testcase" time="55.519" errors="0" timestamp="2024-05-20T16:30:11 IST" skipped="0">
  <testcase classname="JavaScript.Testcase" name="Tc3" time="0.003"/>
  <system-out/>
  <testcase classname="JavaScript.Testcase" name="Tc1" time="51.750"/>
  <system-out/>
  <testcase classname="JavaScript.Testcase" name="Tc2" time="3.766"/>
  <system-out/>
</testsuite> <!-- JavaScript.Testcase -->
