<?xml version="1.0" encoding="UTF-8"?>
<!-- Generated by org.testng.reporters.JUnitReportReporter -->
<testsuite hostname="Asriths-Air.lan" failures="0" tests="1" name="JavaScript.NewTest" time="0.004" errors="0" timestamp="2024-05-18T11:29:24 IST" skipped="0">
  <testcase classname="JavaScript.NewTest" name="f" time="0.004"/>
  <system-out/>
</testsuite> <!-- JavaScript.NewTest -->
