<?xml version="1.0" encoding="UTF-8"?>
<!-- Generated by org.testng.reporters.JUnitReportReporter -->
<testsuite hostname="Asriths-MacBook-Air.local" failures="0" tests="1" name="FetchingDataFromPropertiesFile.FetchDataFromExel" time="0.290" errors="0" timestamp="2024-01-18T08:43:41 IST" skipped="0">
  <testcase classname="FetchingDataFromPropertiesFile.FetchDataFromExel" name="fetchDataFromExel" time="0.290"/>
  <system-out/>
</testsuite> <!-- FetchingDataFromPropertiesFile.FetchDataFromExel -->
