<?xml version="1.0" encoding="UTF-8"?>
<!-- Generated by org.testng.reporters.JUnitReportReporter -->
<testsuite hostname="Asriths-MacBook-Air.local" failures="0" tests="3" name="FrameWorkTestNG.Ex1" time="0.008" errors="0" timestamp="2024-02-01T12:36:36 IST" skipped="0">
  <testcase classname="FrameWorkTestNG.Ex1" name="deleteContact" time="0.001"/>
  <system-out/>
  <testcase classname="FrameWorkTestNG.Ex1" name="CreateContact" time="0.006"/>
  <system-out/>
  <testcase classname="FrameWorkTestNG.Ex1" name="ModifyContact" time="0.001"/>
  <system-out/>
</testsuite> <!-- FrameWorkTestNG.Ex1 -->
