<?xml version="1.0" encoding="UTF-8"?>
<!-- Generated by org.testng.reporters.JUnitReportReporter -->
<testsuite hostname="Asriths-MacBook-Air.local" failures="0" tests="1" name="Practice.LoginPage" time="8.728" errors="0" timestamp="2024-01-19T08:10:59 IST" skipped="0">
  <testcase classname="Practice.LoginPage" name="LoginPage" time="8.728"/>
  <system-out/>
</testsuite> <!-- Practice.LoginPage -->
