<?xml version="1.0" encoding="UTF-8"?>
<!-- Generated by org.testng.reporters.JUnitReportReporter -->
<testsuite hostname="Asriths-Air.lan" failures="0" tests="1" name="FrameWorkTestNG.Testng" time="0.006" errors="0" timestamp="2024-05-18T10:27:38 IST" skipped="0">
  <testcase classname="FrameWorkTestNG.Testng" name="m1" time="0.006"/>
  <system-out/>
</testsuite> <!-- FrameWorkTestNG.Testng -->
