<?xml version="1.0" encoding="UTF-8"?>
<!-- Generated by org.testng.reporters.JUnitReportReporter -->
<testsuite hostname="Asriths-MacBook-Air.local" failures="0" tests="1" name="FrameWorkTestNG.ScreenShotEx" time="13.080" errors="0" timestamp="2024-01-20T07:49:38 IST" skipped="0">
  <testcase classname="FrameWorkTestNG.ScreenShotEx" name="screenShotEx" time="13.080"/>
  <system-out/>
</testsuite> <!-- FrameWorkTestNG.ScreenShotEx -->
